{
    "Role": {
        "Path": "/",
        "RoleName": "lambda-example",
        "RoleId": "AROA4KXAR2CLSCIGSGQM6",
        "Arn": "arn:aws:iam::847653228695:role/lambda-example",
        "CreateDate": "2020-10-02T03:02:32+00:00",
        "AssumeRolePolicyDocument": {
            "Version": "2012-10-17",
            "Statement": [
                {
                    "Effect": "Allow",
                    "Principal": {
                        "Service": "lambda.amazonaws.com"
                    },
                    "Action": "sts:AssumeRole"
                }
            ]
        }
    }
}
